#
# A fatal error has been detected by the Java Runtime Environment:
#
#  SIGSEGV (0xb) at pc=0x00000001101195e3, pid=2394, tid=0x0000000000006103
#
# JRE version: Java(TM) SE Runtime Environment (8.0_191-b12) (build 1.8.0_191-b12)
# Java VM: Java HotSpot(TM) 64-Bit Server VM (25.191-b12 mixed mode bsd-amd64 compressed oops)
# Problematic frame:
# V  [libjvm.dylib+0x3195e3]
#
# Failed to write core dump. Core dumps have been disabled. To enable core dumping, try "ulimit -c unlimited" before starting Java again
#
# If you would like to submit a bug report, please visit:
#   http://bugreport.java.com/bugreport/crash.jsp
#

---------------  T H R E A D  ---------------

Current thread (0x00007fd3cb864800):  JavaThread "RemoteSystem-akka.actor.default-dispatcher-14" [_thread_in_vm, id=24835, stack(0x000070000b869000,0x000070000b969000)]

siginfo: si_signo: 11 (SIGSEGV), si_code: 1 (SEGV_MAPERR), si_addr: 0x0000000000000000

Registers:
RAX=0x00000001106fad30, RBX=0x000070000b967e30, RCX=0x000000011062a5e0, RDX=0x0000000000000000
RSP=0x000070000b967cc0, RBP=0x000070000b967d70, RSI=0x00007fd3c87e2240, RDI=0x00007fd3cb8649f8
R8 =0x0000000000000000, R9 =0x00000007402dbe28, R10=0x000000011070a920, R11=0x000070000b9673b8
R12=0x00007fd3cb8649f8, R13=0x00007fd3cb864800, R14=0x0000000000000000, R15=0x00007fd3c87e2240
RIP=0x00000001101195e3, EFLAGS=0x0000000000010246, ERR=0x0000000000000004
  TRAPNO=0x000000000000000e

Top of Stack: (sp=0x000070000b967cc0)
0x000070000b967cc0:   00000007968d9208 00007fd3c87e2248
0x000070000b967cd0:   00007fd3cb864800 00007fd3c86e8398
0x000070000b967ce0:   000070000b967d70 00000001100f034e
0x000070000b967cf0:   00007fd3c86d89d0 00007fd3c86d8da8
0x000070000b967d00:   00000007968d9208 00007fd30000000e
0x000070000b967d10:   00000007c0338040 00007fd3cb864800
0x000070000b967d20:   0000000000000000 000000000000002d
0x000070000b967d30:   0000000795c3b4b0 00007fd3cb864800
0x000070000b967d40:   00007fd3cb864800 00007fd3c87e2240
0x000070000b967d50:   00007fd3cb8649f8 000070000b9680f8
0x000070000b967d60:   0000000000000002 00007fd3cc123ad0
0x000070000b967d70:   000070000b967e50 000000011820a656
0x000070000b967d80:   00007fd3cb8649f8 00007fd3cb864800
0x000070000b967d90:   0000000000000000 0000000000000002
0x000070000b967da0:   0000000000000000 00000007402dbe28
0x000070000b967db0:   00007fff0000000e 00007fd300000000
0x000070000b967dc0:   00007fd3c86e7660 00007fd3c86d89c0
0x000070000b967dd0:   00007fd3cb8649f8 00007fd3cb864800
0x000070000b967de0:   000070000b967e10 0000000110115ec7
0x000070000b967df0:   00007fd3cb864800 00007fd3cb864800
0x000070000b967e00:   00007fd3cb8649f8 0000000000000000
0x000070000b967e10:   000070000b967e50 00000001295e38c8
0x000070000b967e20:   00007fd3c87e2248 00007fd3c87e2240
0x000070000b967e30:   0000003000000018 000070000b967e60
0x000070000b967e40:   000070000b967d80 fe0cbf25182f0097
0x000070000b967e50:   000070000b967e80 000000011820a0b0
0x000070000b967e60:   000070000b967fc0 000070000b967f78
0x000070000b967e70:   000070000b967ef0 00007fd3cb8649f8
0x000070000b967e80:   000070000b968020 000000011820c0d6
0x000070000b967e90:   00007fd3c86d8da8 0000000118265f78
0x000070000b967ea0:   0000000152a33300 0000000118256174
0x000070000b967eb0:   00000000000000ae 0000000118255d36 

Instructions: (pc=0x00000001101195e3)
0x00000001101195c3:   74 09 48 8d 7d a8 e8 7c 32 1a 00 4c 89 e7 4c 89
0x00000001101195d3:   fe 4c 89 f2 90 0f 1f 40 00 c7 45 98 0e 00 00 00
0x00000001101195e3:   49 8b 06 48 8b 40 08 0f b7 48 24 48 8b 40 08 48
0x00000001101195f3:   8b 74 c8 50 48 8d 85 58 ff ff ff 48 89 c7 e8 52 

Register to memory mapping:

RAX=0x00000001106fad30: _ZN20SafepointSynchronize6_stateE+0 in /Library/Java/JavaVirtualMachines/jdk1.8.0_191.jdk/Contents/Home/jre/lib/server/libjvm.dylib at 0x000000010fe00000
RBX=0x000070000b967e30 is pointing into the stack for thread: 0x00007fd3cb864800
RCX=0x000000011062a5e0: UseMembar+0 in /Library/Java/JavaVirtualMachines/jdk1.8.0_191.jdk/Contents/Home/jre/lib/server/libjvm.dylib at 0x000000010fe00000
RDX=0x0000000000000000 is an unknown value
RSP=0x000070000b967cc0 is pointing into the stack for thread: 0x00007fd3cb864800
RBP=0x000070000b967d70 is pointing into the stack for thread: 0x00007fd3cb864800
RSI=0x00007fd3c87e2240 is an unknown value
RDI=0x00007fd3cb8649f8 is an unknown value
R8 =0x0000000000000000 is an unknown value
R9 =0x00000007402dbe28 is an oop
java.io.FileDescriptor 
 - klass: 'java/io/FileDescriptor'
R10=0x000000011070a920: _ZN19TemplateInterpreter13_active_tableE+0x4800 in /Library/Java/JavaVirtualMachines/jdk1.8.0_191.jdk/Contents/Home/jre/lib/server/libjvm.dylib at 0x000000010fe00000
R11=0x000070000b9673b8 is pointing into the stack for thread: 0x00007fd3cb864800
R12=0x00007fd3cb8649f8 is an unknown value
R13=0x00007fd3cb864800 is a thread
R14=0x0000000000000000 is an unknown value
R15=0x00007fd3c87e2240 is an unknown value


Stack: [0x000070000b869000,0x000070000b969000],  sp=0x000070000b967cc0,  free space=1019k
Native frames: (J=compiled Java code, j=interpreted, Vv=VM code, C=native code)
V  [libjvm.dylib+0x3195e3]
C  [libnativemvm.dylib+0x41656]  _ZN9nativemvm15matlabIIPUnloadEP7JNIEnv_+0x116
C  [libnativemvm.dylib+0x410b0]  _ZN9nativemvm15createMatlabIIPEP7JNIEnv_ONSt3__18functionIFN7mwboost10shared_ptrIN14cmddistributor3IIPEEERKNS5_IN3mvm3MVMEEEEEENS_13MatlabIIPTypeE+0xb0
C  [libnativemvm.dylib+0x430d6]  _ZN9nativemvm17matlabRequestLoadEP7JNIEnv_+0xc96
j  com.mathworks.mvm.exec.MatlabFevalRequest.nativeCreateFevalIIP(Ljava/lang/String;Ljava/io/Writer;Ljava/io/Writer;ZI[Ljava/lang/Object;)Lcom/mathworks/mvm/exec/MatlabIIP;+0
j  com.mathworks.mvm.exec.MatlabFevalRequest.createIIP()Lcom/mathworks/mvm/exec/MatlabIIP;+25
j  com.mathworks.mvm.exec.MatlabExecutor.submit(Lcom/mathworks/mvm/exec/MatlabRequest;)Lcom/mathworks/mvm/exec/FutureResult;+76
j  com.mathworks.mvm.exec.MatlabExecutor.submit(Lcom/mathworks/mvm/exec/MatlabFevalRequest;)Lcom/mathworks/mvm/exec/FutureFevalResult;+2
j  com.mathworks.engine.MatlabEngine.putVariableAsync(Ljava/lang/String;Ljava/lang/Object;)Ljava/util/concurrent/Future;+67
j  com.mathworks.engine.MatlabEngine.putVariable(Ljava/lang/String;Ljava/lang/Object;)V+3
j  org.icar.h.core.matlab.matEngine.MatValidator$$anonfun$receive$1.applyOrElse(Ljava/lang/Object;Lscala/Function1;)Ljava/lang/Object;+190
j  akka.actor.Actor.aroundReceive(Lscala/PartialFunction;Ljava/lang/Object;)V+8
j  akka.actor.Actor.aroundReceive$(Lakka/actor/Actor;Lscala/PartialFunction;Ljava/lang/Object;)V+3
j  org.icar.h.core.matlab.matEngine.MatValidator.aroundReceive(Lscala/PartialFunction;Ljava/lang/Object;)V+3
j  akka.actor.ActorCell.receiveMessage(Ljava/lang/Object;)V+15
j  akka.actor.ActorCell.invoke(Lakka/dispatch/Envelope;)V+64
j  akka.dispatch.Mailbox.processMailbox(IJ)V+24
j  akka.dispatch.Mailbox.run()V+20
j  akka.dispatch.Mailbox.exec()Z+1
j  akka.dispatch.forkjoin.ForkJoinTask.doExec()I+10
j  akka.dispatch.forkjoin.ForkJoinPool$WorkQueue.runTask(Lakka/dispatch/forkjoin/ForkJoinTask;)V+10
j  akka.dispatch.forkjoin.ForkJoinPool.runWorker(Lakka/dispatch/forkjoin/ForkJoinPool$WorkQueue;)V+11
j  akka.dispatch.forkjoin.ForkJoinWorkerThread.run()V+14
v  ~StubRoutines::call_stub
V  [libjvm.dylib+0x2ef9fe]
V  [libjvm.dylib+0x2f01a2]
V  [libjvm.dylib+0x2f034e]
V  [libjvm.dylib+0x34ac3d]
V  [libjvm.dylib+0x56f83f]
V  [libjvm.dylib+0x570f3a]
V  [libjvm.dylib+0x48e0be]
C  [libsystem_pthread.dylib+0x32eb]  _pthread_body+0x7e
C  [libsystem_pthread.dylib+0x6249]  _pthread_start+0x42
C  [libsystem_pthread.dylib+0x240d]  thread_start+0xd
C  0x0000000000000000

Java frames: (J=compiled Java code, j=interpreted, Vv=VM code)
j  com.mathworks.mvm.exec.MatlabFevalRequest.nativeCreateFevalIIP(Ljava/lang/String;Ljava/io/Writer;Ljava/io/Writer;ZI[Ljava/lang/Object;)Lcom/mathworks/mvm/exec/MatlabIIP;+0
j  com.mathworks.mvm.exec.MatlabFevalRequest.createIIP()Lcom/mathworks/mvm/exec/MatlabIIP;+25
j  com.mathworks.mvm.exec.MatlabExecutor.submit(Lcom/mathworks/mvm/exec/MatlabRequest;)Lcom/mathworks/mvm/exec/FutureResult;+76
j  com.mathworks.mvm.exec.MatlabExecutor.submit(Lcom/mathworks/mvm/exec/MatlabFevalRequest;)Lcom/mathworks/mvm/exec/FutureFevalResult;+2
j  com.mathworks.engine.MatlabEngine.putVariableAsync(Ljava/lang/String;Ljava/lang/Object;)Ljava/util/concurrent/Future;+67
j  com.mathworks.engine.MatlabEngine.putVariable(Ljava/lang/String;Ljava/lang/Object;)V+3
j  org.icar.h.core.matlab.matEngine.MatValidator$$anonfun$receive$1.applyOrElse(Ljava/lang/Object;Lscala/Function1;)Ljava/lang/Object;+190
j  akka.actor.Actor.aroundReceive(Lscala/PartialFunction;Ljava/lang/Object;)V+8
j  akka.actor.Actor.aroundReceive$(Lakka/actor/Actor;Lscala/PartialFunction;Ljava/lang/Object;)V+3
j  org.icar.h.core.matlab.matEngine.MatValidator.aroundReceive(Lscala/PartialFunction;Ljava/lang/Object;)V+3
j  akka.actor.ActorCell.receiveMessage(Ljava/lang/Object;)V+15
j  akka.actor.ActorCell.invoke(Lakka/dispatch/Envelope;)V+64
j  akka.dispatch.Mailbox.processMailbox(IJ)V+24
j  akka.dispatch.Mailbox.run()V+20
j  akka.dispatch.Mailbox.exec()Z+1
j  akka.dispatch.forkjoin.ForkJoinTask.doExec()I+10
j  akka.dispatch.forkjoin.ForkJoinPool$WorkQueue.runTask(Lakka/dispatch/forkjoin/ForkJoinTask;)V+10
j  akka.dispatch.forkjoin.ForkJoinPool.runWorker(Lakka/dispatch/forkjoin/ForkJoinPool$WorkQueue;)V+11
j  akka.dispatch.forkjoin.ForkJoinWorkerThread.run()V+14
v  ~StubRoutines::call_stub

---------------  P R O C E S S  ---------------

Java Threads: ( => current thread )
  0x00007fd3cabcb000 JavaThread "Thread-1" daemon [_thread_blocked, id=25347, stack(0x000070000b9ef000,0x000070000baef000)]
  0x00007fd3cabc0000 JavaThread "EventMgr Dispatcher" daemon [_thread_in_native, id=41475, stack(0x000070000b96c000,0x000070000b9ec000)]
  0x00007fd3c9100800 JavaThread "DestroyJavaVM" [_thread_blocked, id=9987, stack(0x0000700009c15000,0x0000700009d15000)]
=>0x00007fd3cb864800 JavaThread "RemoteSystem-akka.actor.default-dispatcher-14" [_thread_in_vm, id=24835, stack(0x000070000b869000,0x000070000b969000)]
  0x00007fd3caaf9000 JavaThread "New I/O server boss #6" [_thread_in_native, id=24323, stack(0x000070000b766000,0x000070000b866000)]
  0x00007fd3caae2800 JavaThread "New I/O worker #5" [_thread_in_native, id=42243, stack(0x000070000b663000,0x000070000b763000)]
  0x00007fd3caaed000 JavaThread "New I/O worker #4" [_thread_in_native, id=24067, stack(0x000070000b560000,0x000070000b660000)]
  0x00007fd3c9499000 JavaThread "New I/O boss #3" [_thread_in_native, id=23555, stack(0x000070000b45d000,0x000070000b55d000)]
  0x00007fd3c887c800 JavaThread "New I/O worker #2" [_thread_in_native, id=23043, stack(0x000070000b35a000,0x000070000b45a000)]
  0x00007fd3cb829000 JavaThread "New I/O worker #1" [_thread_in_native, id=42755, stack(0x000070000b257000,0x000070000b357000)]
  0x00007fd3c9497800 JavaThread "RemoteSystem-akka.remote.default-remote-dispatcher-6" [_thread_blocked, id=22531, stack(0x000070000b154000,0x000070000b254000)]
  0x00007fd3caac8800 JavaThread "RemoteSystem-akka.remote.default-remote-dispatcher-5" [_thread_blocked, id=22275, stack(0x000070000b051000,0x000070000b151000)]
  0x00007fd3c9ff4800 JavaThread "RemoteSystem-akka.actor.default-dispatcher-4" [_thread_blocked, id=21763, stack(0x000070000af4e000,0x000070000b04e000)]
  0x00007fd3c9486000 JavaThread "RemoteSystem-akka.actor.default-dispatcher-3" [_thread_blocked, id=16387, stack(0x000070000ae4b000,0x000070000af4b000)]
  0x00007fd3c9482800 JavaThread "RemoteSystem-akka.actor.default-dispatcher-2" [_thread_blocked, id=16643, stack(0x000070000ad48000,0x000070000ae48000)]
  0x00007fd3caa7b800 JavaThread "RemoteSystem-scheduler-1" [_thread_blocked, id=16899, stack(0x000070000ac45000,0x000070000ad45000)]
  0x00007fd3c9aea800 JavaThread "Attach Listener" daemon [_thread_blocked, id=15363, stack(0x000070000ab42000,0x000070000ac42000)]
  0x00007fd3c918b800 JavaThread "Service Thread" daemon [_thread_blocked, id=14595, stack(0x000070000a93c000,0x000070000aa3c000)]
  0x00007fd3c98a8800 JavaThread "C1 CompilerThread2" daemon [_thread_blocked, id=14339, stack(0x000070000a839000,0x000070000a939000)]
  0x00007fd3c918b000 JavaThread "C2 CompilerThread1" daemon [_thread_blocked, id=17923, stack(0x000070000a736000,0x000070000a836000)]
  0x00007fd3c9191000 JavaThread "C2 CompilerThread0" daemon [_thread_blocked, id=13827, stack(0x000070000a633000,0x000070000a733000)]
  0x00007fd3ca0a2800 JavaThread "Monitor Ctrl-Break" daemon [_thread_in_native, id=18435, stack(0x000070000a530000,0x000070000a630000)]
  0x00007fd3c900f800 JavaThread "Signal Dispatcher" daemon [_thread_blocked, id=18691, stack(0x000070000a42d000,0x000070000a52d000)]
  0x00007fd3c883f800 JavaThread "Finalizer" daemon [_thread_blocked, id=20227, stack(0x000070000a32a000,0x000070000a42a000)]
  0x00007fd3c883f000 JavaThread "Reference Handler" daemon [_thread_blocked, id=11523, stack(0x000070000a227000,0x000070000a327000)]

Other Threads:
  0x00007fd3c900e800 VMThread [stack: 0x000070000a124000,0x000070000a224000] [id=20739]
  0x00007fd3c88df000 WatcherThread [stack: 0x000070000aa3f000,0x000070000ab3f000] [id=15107]

VM state:not at safepoint (normal execution)

VM Mutex/Monitor currently owned by a thread: None

Heap:
 PSYoungGen      total 71680K, used 19960K [0x0000000795580000, 0x000000079e180000, 0x00000007c0000000)
  eden space 66560K, 29% used [0x0000000795580000,0x00000007968fe398,0x0000000799680000)
  from space 5120K, 0% used [0x0000000799680000,0x0000000799680000,0x0000000799b80000)
  to   space 5120K, 0% used [0x000000079dc80000,0x000000079dc80000,0x000000079e180000)
 ParOldGen       total 52224K, used 6444K [0x0000000740000000, 0x0000000743300000, 0x0000000795580000)
  object space 52224K, 12% used [0x0000000740000000,0x000000074064b0d0,0x0000000743300000)
 Metaspace       used 22160K, capacity 23456K, committed 23680K, reserved 1069056K
  class space    used 3217K, capacity 3359K, committed 3456K, reserved 1048576K

Card table byte_map: [0x0000000111174000,0x0000000111575000] byte_map_base: 0x000000010d774000

Marking Bits: (ParMarkBitMap*) 0x00000001106f9e00
 Begin Bits: [0x0000000111820000, 0x0000000113820000)
 End Bits:   [0x0000000113820000, 0x0000000115820000)

Polling page: 0x000000010f547000

CodeCache: size=245760Kb used=5464Kb max_used=5464Kb free=240295Kb
 bounds [0x000000011a53d000, 0x000000011aa9d000, 0x000000012953d000]
 total_blobs=2004 nmethods=1610 adapters=307
 compilation: enabled

Compilation events (10 events):
Event: 10.522 Thread 0x00007fd3c98a8800 nmethod 1615 0x000000011aa8e8d0 code [0x000000011aa8ea20, 0x000000011aa8eb70]
Event: 10.522 Thread 0x00007fd3c98a8800 1614       1       akka.actor.ActorSystemImpl::settings (5 bytes)
Event: 10.522 Thread 0x00007fd3c98a8800 nmethod 1614 0x000000011aa8ec10 code [0x000000011aa8ed60, 0x000000011aa8ee70]
Event: 10.522 Thread 0x00007fd3c98a8800 1616       1       akka.dispatch.sysmsg.SystemMessageList$::LNil (5 bytes)
Event: 10.522 Thread 0x00007fd3c98a8800 nmethod 1616 0x000000011aa8eed0 code [0x000000011aa8f020, 0x000000011aa8f130]
Event: 11.109 Thread 0x00007fd3c98a8800 1617       3       java.util.Collections$UnmodifiableCollection::size (10 bytes)
Event: 11.109 Thread 0x00007fd3c98a8800 nmethod 1617 0x000000011aa8f190 code [0x000000011aa8f300, 0x000000011aa8f528]
Event: 11.112 Thread 0x00007fd3c98a8800 1618       3       java.lang.String::valueOf (14 bytes)
Event: 11.113 Thread 0x00007fd3c98a8800 nmethod 1618 0x000000011aa8f5d0 code [0x000000011aa8f740, 0x000000011aa8f988]
Event: 11.113 Thread 0x00007fd3c98a8800 1620       3       sun.nio.cs.UTF_8$Encoder::encodeArrayLoop (489 bytes)

GC Heap History (8 events):
Event: 1.856 GC heap before
{Heap before GC invocations=1 (full 0):
 PSYoungGen      total 38400K, used 33280K [0x0000000795580000, 0x0000000798000000, 0x00000007c0000000)
  eden space 33280K, 100% used [0x0000000795580000,0x0000000797600000,0x0000000797600000)
  from space 5120K, 0% used [0x0000000797b00000,0x0000000797b00000,0x0000000798000000)
  to   space 5120K, 0% used [0x0000000797600000,0x0000000797600000,0x0000000797b00000)
 ParOldGen       total 87552K, used 0K [0x0000000740000000, 0x0000000745580000, 0x0000000795580000)
  object space 87552K, 0% used [0x0000000740000000,0x0000000740000000,0x0000000745580000)
 Metaspace       used 9453K, capacity 9684K, committed 9856K, reserved 1058816K
  class space    used 1263K, capacity 1340K, committed 1408K, reserved 1048576K
Event: 1.878 GC heap after
Heap after GC invocations=1 (full 0):
 PSYoungGen      total 38400K, used 5115K [0x0000000795580000, 0x000000079a080000, 0x00000007c0000000)
  eden space 33280K, 0% used [0x0000000795580000,0x0000000795580000,0x0000000797600000)
  from space 5120K, 99% used [0x0000000797600000,0x0000000797afef58,0x0000000797b00000)
  to   space 5120K, 0% used [0x0000000799b80000,0x0000000799b80000,0x000000079a080000)
 ParOldGen       total 87552K, used 1043K [0x0000000740000000, 0x0000000745580000, 0x0000000795580000)
  object space 87552K, 1% used [0x0000000740000000,0x0000000740104ff8,0x0000000745580000)
 Metaspace       used 9453K, capacity 9684K, committed 9856K, reserved 1058816K
  class space    used 1263K, capacity 1340K, committed 1408K, reserved 1048576K
}
Event: 3.065 GC heap before
{Heap before GC invocations=2 (full 0):
 PSYoungGen      total 38400K, used 38395K [0x0000000795580000, 0x000000079a080000, 0x00000007c0000000)
  eden space 33280K, 100% used [0x0000000795580000,0x0000000797600000,0x0000000797600000)
  from space 5120K, 99% used [0x0000000797600000,0x0000000797afef58,0x0000000797b00000)
  to   space 5120K, 0% used [0x0000000799b80000,0x0000000799b80000,0x000000079a080000)
 ParOldGen       total 87552K, used 1043K [0x0000000740000000, 0x0000000745580000, 0x0000000795580000)
  object space 87552K, 1% used [0x0000000740000000,0x0000000740104ff8,0x0000000745580000)
 Metaspace       used 16108K, capacity 17004K, committed 17280K, reserved 1064960K
  class space    used 2249K, capacity 2375K, committed 2432K, reserved 1048576K
Event: 3.078 GC heap after
Heap after GC invocations=2 (full 0):
 PSYoungGen      total 71680K, used 5105K [0x0000000795580000, 0x000000079a080000, 0x00000007c0000000)
  eden space 66560K, 0% used [0x0000000795580000,0x0000000795580000,0x0000000799680000)
  from space 5120K, 99% used [0x0000000799b80000,0x000000079a07c570,0x000000079a080000)
  to   space 5120K, 0% used [0x0000000799680000,0x0000000799680000,0x0000000799b80000)
 ParOldGen       total 87552K, used 3572K [0x0000000740000000, 0x0000000745580000, 0x0000000795580000)
  object space 87552K, 4% used [0x0000000740000000,0x000000074037d190,0x0000000745580000)
 Metaspace       used 16108K, capacity 17004K, committed 17280K, reserved 1064960K
  class space    used 2249K, capacity 2375K, committed 2432K, reserved 1048576K
}
Event: 3.349 GC heap before
{Heap before GC invocations=3 (full 0):
 PSYoungGen      total 71680K, used 30474K [0x0000000795580000, 0x000000079a080000, 0x00000007c0000000)
  eden space 66560K, 38% used [0x0000000795580000,0x0000000796e464b0,0x0000000799680000)
  from space 5120K, 99% used [0x0000000799b80000,0x000000079a07c570,0x000000079a080000)
  to   space 5120K, 0% used [0x0000000799680000,0x0000000799680000,0x0000000799b80000)
 ParOldGen       total 87552K, used 3572K [0x0000000740000000, 0x0000000745580000, 0x0000000795580000)
  object space 87552K, 4% used [0x0000000740000000,0x000000074037d190,0x0000000745580000)
 Metaspace       used 20161K, capacity 21288K, committed 21296K, reserved 1067008K
  class space    used 2799K, capacity 2936K, committed 2944K, reserved 1048576K
Event: 3.363 GC heap after
Heap after GC invocations=3 (full 0):
 PSYoungGen      total 71680K, used 5089K [0x0000000795580000, 0x000000079e180000, 0x00000007c0000000)
  eden space 66560K, 0% used [0x0000000795580000,0x0000000795580000,0x0000000799680000)
  from space 5120K, 99% used [0x0000000799680000,0x0000000799b785e0,0x0000000799b80000)
  to   space 5120K, 0% used [0x000000079dc80000,0x000000079dc80000,0x000000079e180000)
 ParOldGen       total 87552K, used 5130K [0x0000000740000000, 0x0000000745580000, 0x0000000795580000)
  object space 87552K, 5% used [0x0000000740000000,0x0000000740502b80,0x0000000745580000)
 Metaspace       used 20161K, capacity 21288K, committed 21296K, reserved 1067008K
  class space    used 2799K, capacity 2936K, committed 2944K, reserved 1048576K
}
Event: 3.363 GC heap before
{Heap before GC invocations=4 (full 1):
 PSYoungGen      total 71680K, used 5089K [0x0000000795580000, 0x000000079e180000, 0x00000007c0000000)
  eden space 66560K, 0% used [0x0000000795580000,0x0000000795580000,0x0000000799680000)
  from space 5120K, 99% used [0x0000000799680000,0x0000000799b785e0,0x0000000799b80000)
  to   space 5120K, 0% used [0x000000079dc80000,0x000000079dc80000,0x000000079e180000)
 ParOldGen       total 87552K, used 5130K [0x0000000740000000, 0x0000000745580000, 0x0000000795580000)
  object space 87552K, 5% used [0x0000000740000000,0x0000000740502b80,0x0000000745580000)
 Metaspace       used 20161K, capacity 21288K, committed 21296K, reserved 1067008K
  class space    used 2799K, capacity 2936K, committed 2944K, reserved 1048576K
Event: 3.395 GC heap after
Heap after GC invocations=4 (full 1):
 PSYoungGen      total 71680K, used 0K [0x0000000795580000, 0x000000079e180000, 0x00000007c0000000)
  eden space 66560K, 0% used [0x0000000795580000,0x0000000795580000,0x0000000799680000)
  from space 5120K, 0% used [0x0000000799680000,0x0000000799680000,0x0000000799b80000)
  to   space 5120K, 0% used [0x000000079dc80000,0x000000079dc80000,0x000000079e180000)
 ParOldGen       total 52224K, used 6444K [0x0000000740000000, 0x0000000743300000, 0x0000000795580000)
  object space 52224K, 12% used [0x0000000740000000,0x000000074064b0d0,0x0000000743300000)
 Metaspace       used 20158K, capacity 21282K, committed 21296K, reserved 1067008K
  class space    used 2798K, capacity 2935K, committed 2944K, reserved 1048576K
}

Deoptimization events (10 events):
Event: 1.978 Thread 0x00007fd3c9803800 Uncommon trap: reason=class_check action=maybe_recompile pc=0x000000011a80a744 method=com.typesafe.config.impl.Tokenizer$TokenIterator.nextCharRaw()I @ 14
Event: 1.978 Thread 0x00007fd3c9803800 Uncommon trap: reason=class_check action=maybe_recompile pc=0x000000011a80a744 method=com.typesafe.config.impl.Tokenizer$TokenIterator.nextCharRaw()I @ 14
Event: 1.978 Thread 0x00007fd3c9803800 Uncommon trap: reason=class_check action=maybe_recompile pc=0x000000011a80a744 method=com.typesafe.config.impl.Tokenizer$TokenIterator.nextCharRaw()I @ 14
Event: 1.978 Thread 0x00007fd3c9803800 Uncommon trap: reason=class_check action=maybe_recompile pc=0x000000011a80a744 method=com.typesafe.config.impl.Tokenizer$TokenIterator.nextCharRaw()I @ 14
Event: 2.410 Thread 0x00007fd3c9803800 Uncommon trap: reason=unstable_if action=reinterpret pc=0x000000011a82d368 method=sun.misc.MetaIndex.mayContain(Ljava/lang/String;)Z @ 38
Event: 2.411 Thread 0x00007fd3c9803800 Uncommon trap: reason=unstable_if action=reinterpret pc=0x000000011a7fafd0 method=sun.misc.MetaIndex.mayContain(Ljava/lang/String;)Z @ 38
Event: 3.186 Thread 0x00007fd3c9497800 Uncommon trap: reason=unstable_if action=reinterpret pc=0x000000011a902e1c method=java.lang.String.indexOf([CII[CIII)I @ 3
Event: 3.250 Thread 0x00007fd3caac8800 Uncommon trap: reason=unstable_if action=reinterpret pc=0x000000011a9c49cc method=java.util.concurrent.ConcurrentHashMap.putVal(Ljava/lang/Object;Ljava/lang/Object;Z)Ljava/lang/Object; @ 181
Event: 3.531 Thread 0x00007fd3c9803800 Uncommon trap: reason=unstable_if action=reinterpret pc=0x000000011a914294 method=java.util.HashMap.putVal(ILjava/lang/Object;Ljava/lang/Object;ZZ)Ljava/lang/Object; @ 236
Event: 4.521 Thread 0x00007fd3c9497800 Uncommon trap: reason=unstable_if action=reinterpret pc=0x000000011aa60024 method=java.util.concurrent.ConcurrentHashMap.addCount(JI)V @ 34

Classes redefined (0 events):
No events

Internal exceptions (10 events):
Event: 3.467 Thread 0x00007fd3caac8800 Exception <a 'java/lang/NoSuchMethodError': java.lang.Object.$anonfun$groupBy$2(Lscala/collection/TraversableLike;)Lscala/collection/mutable/Builder;> (0x0000000795856398) thrown at [/Users/java_re/workspace/8-2-build-macosx-x86_64/jdk8u191/11896/hotspot/
Event: 3.468 Thread 0x00007fd3caac8800 Exception <a 'java/lang/NoSuchMethodError': java.lang.Object.$anonfun$groupBy$3$adapted(Lscala/Tuple2;)Ljava/lang/Object;> (0x000000079585b5f8) thrown at [/Users/java_re/workspace/8-2-build-macosx-x86_64/jdk8u191/11896/hotspot/src/share/vm/interpreter/lin
Event: 3.469 Thread 0x00007fd3caac8800 Exception <a 'java/lang/NoSuchMethodError': java.lang.Object.$anonfun$groupBy$4(Lscala/collection/mutable/Builder;Lscala/Tuple2;)Lscala/collection/mutable/Builder;> (0x000000079585f510) thrown at [/Users/java_re/workspace/8-2-build-macosx-x86_64/jdk8u191/
Event: 3.481 Thread 0x00007fd3c9803800 Exception <a 'java/lang/NoSuchMethodError': java.lang.Object.$anonfun$addString$1(Lscala/runtime/BooleanRef;Lscala/collection/mutable/StringBuilder;Ljava/lang/String;Ljava/lang/Object;)Ljava/lang/Object;> (0x0000000795ae3ae8) thrown at [/Users/java_re/wor
Event: 3.500 Thread 0x00007fd3c9803800 Exception <a 'java/lang/ArrayIndexOutOfBoundsException'> (0x0000000795b65208) thrown at [/Users/java_re/workspace/8-2-build-macosx-x86_64/jdk8u191/11896/hotspot/src/share/vm/runtime/sharedRuntime.cpp, line 605]
Event: 3.502 Thread 0x00007fd3c9803800 Exception <a 'java/lang/ArrayIndexOutOfBoundsException'> (0x0000000795b739f8) thrown at [/Users/java_re/workspace/8-2-build-macosx-x86_64/jdk8u191/11896/hotspot/src/share/vm/runtime/sharedRuntime.cpp, line 605]
Event: 3.510 Thread 0x00007fd3c9ff4800 Exception <a 'java/lang/NoSuchMethodError': <clinit>> (0x0000000795c88538) thrown at [/Users/java_re/workspace/8-2-build-macosx-x86_64/jdk8u191/11896/hotspot/src/share/vm/prims/jni.cpp, line 1613]
Event: 3.807 Thread 0x00007fd3cb864800 Exception <a 'java/lang/NoSuchMethodError': Method com.mathworks.mvm.exec.MatlabExecutor.nativeSubmitIIP(JLcom/mathworks/mvm/exec/MatlabIIP;JLjava/lang/String;)Lcom/mathworks/mvm/exec/NativeFutureResult; not found> (0x0000000796741250) thrown at [/Users/j
Event: 3.813 Thread 0x00007fd3cb864800 Exception <a 'java/lang/NoClassDefFoundError': com/mathworks/mvm/exec/MatlabCallableRequest> (0x000000079677c1c8) thrown at [/Users/java_re/workspace/8-2-build-macosx-x86_64/jdk8u191/11896/hotspot/src/share/vm/classfile/systemDictionary.cpp, line 199]
Event: 11.112 Thread 0x00007fd3cb864800 Exception <a 'java/lang/NoSuchMethodError': setType> (0x00000007968d9208) thrown at [/Users/java_re/workspace/8-2-build-macosx-x86_64/jdk8u191/11896/hotspot/src/share/vm/prims/jni.cpp, line 1613]

Events (10 events):
Event: 11.100 loading class com/mathworks/mvm/MvmFactoryWrapper
Event: 11.100 loading class com/mathworks/mvm/MvmFactoryWrapper done
Event: 11.100 loading class com/mathworks/mvm/eventmgr/MvmListener
Event: 11.100 loading class com/mathworks/mvm/eventmgr/MvmListener done
Event: 11.109 loading class scala/runtime/ObjectRef
Event: 11.109 loading class scala/runtime/ObjectRef done
Event: 11.109 loading class scala/runtime/ObjectRef
Event: 11.109 loading class scala/runtime/ObjectRef done
Event: 11.111 loading class com/mathworks/mvm/MvmWrapper
Event: 11.111 loading class com/mathworks/mvm/MvmWrapper done


Dynamic libraries:
0x00007fff4a1b1000 	/System/Library/Frameworks/Cocoa.framework/Versions/A/Cocoa
0x00007fff55ec9000 	/System/Library/Frameworks/Security.framework/Versions/A/Security
0x00007fff48e46000 	/System/Library/Frameworks/ApplicationServices.framework/Versions/A/ApplicationServices
0x00007fff75f8f000 	/usr/lib/libz.1.dylib
0x00007fff738e9000 	/usr/lib/libSystem.B.dylib
0x00007fff75120000 	/usr/lib/libobjc.A.dylib
0x00007fff4a999000 	/System/Library/Frameworks/CoreFoundation.framework/Versions/A/CoreFoundation
0x00007fff4cc1b000 	/System/Library/Frameworks/Foundation.framework/Versions/C/Foundation
0x00007fff4803f000 	/System/Library/Frameworks/AppKit.framework/Versions/C/AppKit
0x00007fff4a52c000 	/System/Library/Frameworks/CoreData.framework/Versions/A/CoreData
0x00007fff6d3bc000 	/System/Library/PrivateFrameworks/RemoteViewServices.framework/Versions/A/RemoteViewServices
0x00007fff71629000 	/System/Library/PrivateFrameworks/UIFoundation.framework/Versions/A/UIFoundation
0x00007fff72d0b000 	/System/Library/PrivateFrameworks/XCTTargetBootstrap.framework/Versions/A/XCTTargetBootstrap
0x00007fff4a8b1000 	/System/Library/Frameworks/CoreDisplay.framework/Versions/A/CoreDisplay
0x00007fff6810f000 	/System/Library/PrivateFrameworks/IconServices.framework/Versions/A/IconServices
0x00007fff4f53f000 	/System/Library/Frameworks/Metal.framework/Versions/A/Metal
0x00007fff5f68a000 	/System/Library/PrivateFrameworks/DesktopServicesPriv.framework/Versions/A/DesktopServicesPriv
0x00007fff74483000 	/usr/lib/libenergytrace.dylib
0x00007fff6fb12000 	/System/Library/PrivateFrameworks/SkyLight.framework/Versions/A/SkyLight
0x00007fff4addf000 	/System/Library/Frameworks/CoreGraphics.framework/Versions/A/CoreGraphics
0x00007fff46e0b000 	/System/Library/Frameworks/Accelerate.framework/Versions/A/Accelerate
0x00007fff4d363000 	/System/Library/Frameworks/IOSurface.framework/Versions/A/IOSurface
0x00007fff5f4f6000 	/System/Library/PrivateFrameworks/DFRFoundation.framework/Versions/A/DFRFoundation
0x00007fff49329000 	/System/Library/Frameworks/AudioToolbox.framework/Versions/A/AudioToolbox
0x00007fff495a2000 	/System/Library/Frameworks/AudioUnit.framework/Versions/A/AudioUnit
0x00007fff5f58b000 	/System/Library/PrivateFrameworks/DataDetectorsCore.framework/Versions/A/DataDetectorsCore
0x00007fff49cb5000 	/System/Library/Frameworks/Carbon.framework/Versions/A/Frameworks/HIToolbox.framework/Versions/A/HIToolbox
0x00007fff745dc000 	/usr/lib/libicucore.A.dylib
0x00007fff5543e000 	/System/Library/Frameworks/QuartzCore.framework/Versions/A/QuartzCore
0x00007fff4a089000 	/System/Library/Frameworks/Carbon.framework/Versions/A/Frameworks/SpeechRecognition.framework/Versions/A/SpeechRecognition
0x00007fff73a3d000 	/usr/lib/libauto.dylib
0x00007fff75e83000 	/usr/lib/libxml2.2.dylib
0x00007fff5f0d3000 	/System/Library/PrivateFrameworks/CoreUI.framework/Versions/A/CoreUI
0x00007fff4a417000 	/System/Library/Frameworks/CoreAudio.framework/Versions/A/CoreAudio
0x00007fff4ca50000 	/System/Library/Frameworks/DiskArbitration.framework/Versions/A/DiskArbitration
0x00007fff7488a000 	/usr/lib/liblangid.dylib
0x00007fff6951d000 	/System/Library/PrivateFrameworks/MultitouchSupport.framework/Versions/A/MultitouchSupport
0x00007fff4d2d2000 	/System/Library/Frameworks/IOKit.framework/Versions/A/IOKit
0x00007fff734aa000 	/usr/lib/libDiagnosticMessagesClient.dylib
0x00007fff4bbee000 	/System/Library/Frameworks/CoreServices.framework/Versions/A/CoreServices
0x00007fff6b1c4000 	/System/Library/PrivateFrameworks/PerformanceAnalysis.framework/Versions/A/PerformanceAnalysis
0x00007fff5462c000 	/System/Library/Frameworks/OpenGL.framework/Versions/A/OpenGL
0x00007fff4a1bf000 	/System/Library/Frameworks/ColorSync.framework/Versions/A/ColorSync
0x00007fff4b470000 	/System/Library/Frameworks/CoreImage.framework/Versions/A/CoreImage
0x00007fff4c5c7000 	/System/Library/Frameworks/CoreText.framework/Versions/A/CoreText
0x00007fff4d3c6000 	/System/Library/Frameworks/ImageIO.framework/Versions/A/ImageIO
0x00007fff5b728000 	/System/Library/PrivateFrameworks/Backup.framework/Versions/A/Backup
0x00007fff73990000 	/usr/lib/libarchive.2.dylib
0x00007fff498fa000 	/System/Library/Frameworks/CFNetwork.framework/Versions/A/CFNetwork
0x00007fff56623000 	/System/Library/Frameworks/SystemConfiguration.framework/Versions/A/SystemConfiguration
0x00007fff733db000 	/usr/lib/libCRFSuite.dylib
0x00007fff73b2c000 	/usr/lib/libc++.1.dylib
0x00007fff73b80000 	/usr/lib/libc++abi.dylib
0x00007fff76785000 	/usr/lib/system/libcache.dylib
0x00007fff7678a000 	/usr/lib/system/libcommonCrypto.dylib
0x00007fff76795000 	/usr/lib/system/libcompiler_rt.dylib
0x00007fff7679d000 	/usr/lib/system/libcopyfile.dylib
0x00007fff767a7000 	/usr/lib/system/libcorecrypto.dylib
0x00007fff768b2000 	/usr/lib/system/libdispatch.dylib
0x00007fff768ec000 	/usr/lib/system/libdyld.dylib
0x00007fff76919000 	/usr/lib/system/libkeymgr.dylib
0x00007fff76927000 	/usr/lib/system/liblaunch.dylib
0x00007fff76928000 	/usr/lib/system/libmacho.dylib
0x00007fff7692e000 	/usr/lib/system/libquarantine.dylib
0x00007fff76931000 	/usr/lib/system/libremovefile.dylib
0x00007fff76933000 	/usr/lib/system/libsystem_asl.dylib
0x00007fff7694b000 	/usr/lib/system/libsystem_blocks.dylib
0x00007fff7694c000 	/usr/lib/system/libsystem_c.dylib
0x00007fff769d4000 	/usr/lib/system/libsystem_configuration.dylib
0x00007fff769d8000 	/usr/lib/system/libsystem_coreservices.dylib
0x00007fff769dc000 	/usr/lib/system/libsystem_darwin.dylib
0x00007fff769e3000 	/usr/lib/system/libsystem_dnssd.dylib
0x00007fff769ea000 	/usr/lib/system/libsystem_info.dylib
0x00007fff76a5f000 	/usr/lib/system/libsystem_m.dylib
0x00007fff76aab000 	/usr/lib/system/libsystem_malloc.dylib
0x00007fff76ad6000 	/usr/lib/system/libsystem_networkextension.dylib
0x00007fff76ae1000 	/usr/lib/system/libsystem_notify.dylib
0x00007fff76afe000 	/usr/lib/system/libsystem_sandbox.dylib
0x00007fff76b02000 	/usr/lib/system/libsystem_secinit.dylib
0x00007fff76a36000 	/usr/lib/system/libsystem_kernel.dylib
0x00007fff76ae9000 	/usr/lib/system/libsystem_platform.dylib
0x00007fff76af3000 	/usr/lib/system/libsystem_pthread.dylib
0x00007fff76b05000 	/usr/lib/system/libsystem_symptoms.dylib
0x00007fff76b0d000 	/usr/lib/system/libsystem_trace.dylib
0x00007fff76b24000 	/usr/lib/system/libunwind.dylib
0x00007fff76b2a000 	/usr/lib/system/libxpc.dylib
0x00007fff73b0d000 	/usr/lib/libbsm.0.dylib
0x00007fff7691a000 	/usr/lib/system/libkxld.dylib
0x00007fff5ab19000 	/System/Library/PrivateFrameworks/AppleFSCompression.framework/Versions/A/AppleFSCompression
0x00007fff737a9000 	/usr/lib/libOpenScriptingUtil.dylib
0x00007fff73e35000 	/usr/lib/libcoretls.dylib
0x00007fff73e4c000 	/usr/lib/libcoretls_cfhelpers.dylib
0x00007fff758b7000 	/usr/lib/libpam.2.dylib
0x00007fff75a77000 	/usr/lib/libsqlite3.dylib
0x00007fff75e71000 	/usr/lib/libxar.1.dylib
0x00007fff73b1e000 	/usr/lib/libbz2.1.0.dylib
0x00007fff7488c000 	/usr/lib/liblzma.5.dylib
0x00007fff74d3d000 	/usr/lib/libnetwork.dylib
0x00007fff73979000 	/usr/lib/libapple_nghttp2.dylib
0x00007fff758be000 	/usr/lib/libpcap.A.dylib
0x00007fff4bf8d000 	/System/Library/Frameworks/CoreServices.framework/Versions/A/Frameworks/FSEvents.framework/Versions/A/FSEvents
0x00007fff4bc6c000 	/System/Library/Frameworks/CoreServices.framework/Versions/A/Frameworks/CarbonCore.framework/Versions/A/CarbonCore
0x00007fff4c149000 	/System/Library/Frameworks/CoreServices.framework/Versions/A/Frameworks/Metadata.framework/Versions/A/Metadata
0x00007fff4c1e8000 	/System/Library/Frameworks/CoreServices.framework/Versions/A/Frameworks/OSServices.framework/Versions/A/OSServices
0x00007fff4c233000 	/System/Library/Frameworks/CoreServices.framework/Versions/A/Frameworks/SearchKit.framework/Versions/A/SearchKit
0x00007fff4bbef000 	/System/Library/Frameworks/CoreServices.framework/Versions/A/Frameworks/AE.framework/Versions/A/AE
0x00007fff4bf96000 	/System/Library/Frameworks/CoreServices.framework/Versions/A/Frameworks/LaunchServices.framework/Versions/A/LaunchServices
0x00007fff4bf44000 	/System/Library/Frameworks/CoreServices.framework/Versions/A/Frameworks/DictionaryServices.framework/Versions/A/DictionaryServices
0x00007fff4c29b000 	/System/Library/Frameworks/CoreServices.framework/Versions/A/Frameworks/SharedFileList.framework/Versions/A/SharedFileList
0x00007fff50607000 	/System/Library/Frameworks/NetFS.framework/Versions/A/NetFS
0x00007fff69783000 	/System/Library/PrivateFrameworks/NetAuth.framework/Versions/A/NetAuth
0x00007fff7310f000 	/System/Library/PrivateFrameworks/login.framework/Versions/A/Frameworks/loginsupport.framework/Versions/A/loginsupport
0x00007fff71232000 	/System/Library/PrivateFrameworks/TCC.framework/Versions/A/TCC
0x00007fff5e730000 	/System/Library/PrivateFrameworks/CoreNLP.framework/Versions/A/CoreNLP
0x00007fff69216000 	/System/Library/PrivateFrameworks/MetadataUtilities.framework/Versions/A/MetadataUtilities
0x00007fff74961000 	/usr/lib/libmecabra.dylib
0x00007fff48e47000 	/System/Library/Frameworks/ApplicationServices.framework/Versions/A/Frameworks/ATS.framework/Versions/A/ATS
0x00007fff49196000 	/System/Library/Frameworks/ApplicationServices.framework/Versions/A/Frameworks/ColorSyncLegacy.framework/Versions/A/ColorSyncLegacy
0x00007fff49235000 	/System/Library/Frameworks/ApplicationServices.framework/Versions/A/Frameworks/HIServices.framework/Versions/A/HIServices
0x00007fff49288000 	/System/Library/Frameworks/ApplicationServices.framework/Versions/A/Frameworks/LangAnalysis.framework/Versions/A/LangAnalysis
0x00007fff49298000 	/System/Library/Frameworks/ApplicationServices.framework/Versions/A/Frameworks/PrintCore.framework/Versions/A/PrintCore
0x00007fff492e2000 	/System/Library/Frameworks/ApplicationServices.framework/Versions/A/Frameworks/QD.framework/Versions/A/QD
0x00007fff4931c000 	/System/Library/Frameworks/ApplicationServices.framework/Versions/A/Frameworks/SpeechSynthesis.framework/Versions/A/SpeechSynthesis
0x00007fff73ba8000 	/usr/lib/libcompression.dylib
0x00007fff4f80f000 	/System/Library/Frameworks/MetalPerformanceShaders.framework/Versions/A/MetalPerformanceShaders
0x00007fff46e23000 	/System/Library/Frameworks/Accelerate.framework/Versions/A/Frameworks/vImage.framework/Versions/A/vImage
0x00007fff47e9d000 	/System/Library/Frameworks/Accelerate.framework/Versions/A/Frameworks/vecLib.framework/Versions/A/vecLib
0x00007fff47de9000 	/System/Library/Frameworks/Accelerate.framework/Versions/A/Frameworks/vecLib.framework/Versions/A/libvMisc.dylib
0x00007fff47c01000 	/System/Library/Frameworks/Accelerate.framework/Versions/A/Frameworks/vecLib.framework/Versions/A/libvDSP.dylib
0x00007fff474bd000 	/System/Library/Frameworks/Accelerate.framework/Versions/A/Frameworks/vecLib.framework/Versions/A/libBLAS.dylib
0x00007fff477aa000 	/System/Library/Frameworks/Accelerate.framework/Versions/A/Frameworks/vecLib.framework/Versions/A/libLAPACK.dylib
0x00007fff47b54000 	/System/Library/Frameworks/Accelerate.framework/Versions/A/Frameworks/vecLib.framework/Versions/A/libLinearAlgebra.dylib
0x00007fff47bed000 	/System/Library/Frameworks/Accelerate.framework/Versions/A/Frameworks/vecLib.framework/Versions/A/libSparseBLAS.dylib
0x00007fff47b6a000 	/System/Library/Frameworks/Accelerate.framework/Versions/A/Frameworks/vecLib.framework/Versions/A/libQuadrature.dylib
0x00007fff47737000 	/System/Library/Frameworks/Accelerate.framework/Versions/A/Frameworks/vecLib.framework/Versions/A/libBNNS.dylib
0x00007fff47b70000 	/System/Library/Frameworks/Accelerate.framework/Versions/A/Frameworks/vecLib.framework/Versions/A/libSparse.dylib
0x00007fff65a72000 	/System/Library/PrivateFrameworks/GPUWrangler.framework/Versions/A/GPUWrangler
0x00007fff67d44000 	/System/Library/PrivateFrameworks/IOAccelerator.framework/Versions/A/IOAccelerator
0x00007fff67d4f000 	/System/Library/PrivateFrameworks/IOPresentment.framework/Versions/A/IOPresentment
0x00007fff5f506000 	/System/Library/PrivateFrameworks/DSExternalDisplay.framework/Versions/A/DSExternalDisplay
0x00007fff53a83000 	/System/Library/Frameworks/OpenGL.framework/Versions/A/Libraries/libCoreFSCache.dylib
0x00007fff4f603000 	/System/Library/Frameworks/MetalPerformanceShaders.framework/Frameworks/MPSCore.framework/Versions/A/MPSCore
0x00007fff4f623000 	/System/Library/Frameworks/MetalPerformanceShaders.framework/Frameworks/MPSImage.framework/Versions/A/MPSImage
0x00007fff4f6c8000 	/System/Library/Frameworks/MetalPerformanceShaders.framework/Frameworks/MPSNeuralNetwork.framework/Versions/A/MPSNeuralNetwork
0x00007fff4f6a0000 	/System/Library/Frameworks/MetalPerformanceShaders.framework/Frameworks/MPSMatrix.framework/Versions/A/MPSMatrix
0x00007fff4f7f4000 	/System/Library/Frameworks/MetalPerformanceShaders.framework/Frameworks/MPSRayIntersector.framework/Versions/A/MPSRayIntersector
0x00007fff6923f000 	/System/Library/PrivateFrameworks/MetalTools.framework/Versions/A/MetalTools
0x00007fff5a3c6000 	/System/Library/PrivateFrameworks/AggregateDictionary.framework/Versions/A/AggregateDictionary
0x00007fff7378a000 	/usr/lib/libMobileGestalt.dylib
0x00007fff4c72a000 	/System/Library/Frameworks/CoreVideo.framework/Versions/A/CoreVideo
0x00007fff66882000 	/System/Library/PrivateFrameworks/GraphVisualizer.framework/Versions/A/GraphVisualizer
0x00007fff60702000 	/System/Library/PrivateFrameworks/FaceCore.framework/Versions/A/FaceCore
0x00007fff530b1000 	/System/Library/Frameworks/OpenCL.framework/Versions/A/OpenCL
0x00007fff734e2000 	/usr/lib/libFosl_dynamic.dylib
0x00007fff69fee000 	/System/Library/PrivateFrameworks/OTSVG.framework/Versions/A/OTSVG
0x00007fff48f4b000 	/System/Library/Frameworks/ApplicationServices.framework/Versions/A/Frameworks/ATS.framework/Versions/A/Resources/libFontParser.dylib
0x00007fff49063000 	/System/Library/Frameworks/ApplicationServices.framework/Versions/A/Frameworks/ATS.framework/Versions/A/Resources/libFontRegistry.dylib
0x00007fff4d634000 	/System/Library/Frameworks/ImageIO.framework/Versions/A/Resources/libJPEG.dylib
0x00007fff4d946000 	/System/Library/Frameworks/ImageIO.framework/Versions/A/Resources/libTIFF.dylib
0x00007fff4d91c000 	/System/Library/Frameworks/ImageIO.framework/Versions/A/Resources/libPng.dylib
0x00007fff4d552000 	/System/Library/Frameworks/ImageIO.framework/Versions/A/Resources/libGIF.dylib
0x00007fff4d557000 	/System/Library/Frameworks/ImageIO.framework/Versions/A/Resources/libJP2.dylib
0x00007fff4d943000 	/System/Library/Frameworks/ImageIO.framework/Versions/A/Resources/libRadiance.dylib
0x00007fff5ac70000 	/System/Library/PrivateFrameworks/AppleJPEG.framework/Versions/A/AppleJPEG
0x00007fff53a8e000 	/System/Library/Frameworks/OpenGL.framework/Versions/A/Libraries/libGFXShared.dylib
0x00007fff53c51000 	/System/Library/Frameworks/OpenGL.framework/Versions/A/Libraries/libGLU.dylib
0x00007fff53a97000 	/System/Library/Frameworks/OpenGL.framework/Versions/A/Libraries/libGL.dylib
0x00007fff53aa3000 	/System/Library/Frameworks/OpenGL.framework/Versions/A/Libraries/libGLImage.dylib
0x00007fff53a80000 	/System/Library/Frameworks/OpenGL.framework/Versions/A/Libraries/libCVMSPluginSupport.dylib
0x00007fff53a89000 	/System/Library/Frameworks/OpenGL.framework/Versions/A/Libraries/libCoreVMClient.dylib
0x00007fff742f9000 	/usr/lib/libcups.2.dylib
0x00007fff4eb0a000 	/System/Library/Frameworks/Kerberos.framework/Versions/A/Kerberos
0x00007fff4d037000 	/System/Library/Frameworks/GSS.framework/Versions/A/GSS
0x00007fff75a0c000 	/usr/lib/libresolv.9.dylib
0x00007fff744eb000 	/usr/lib/libiconv.2.dylib
0x00007fff669e1000 	/System/Library/PrivateFrameworks/Heimdal.framework/Versions/A/Heimdal
0x00007fff744bb000 	/usr/lib/libheimdal-asn1.dylib
0x00007fff53125000 	/System/Library/Frameworks/OpenDirectory.framework/Versions/A/OpenDirectory
0x00007fff5d495000 	/System/Library/PrivateFrameworks/CommonAuth.framework/Versions/A/CommonAuth
0x00007fff53109000 	/System/Library/Frameworks/OpenDirectory.framework/Versions/A/Frameworks/CFOpenDirectory.framework/Versions/A/CFOpenDirectory
0x00007fff561c9000 	/System/Library/Frameworks/SecurityFoundation.framework/Versions/A/SecurityFoundation
0x00007fff5990f000 	/System/Library/PrivateFrameworks/APFS.framework/Versions/A/APFS
0x00007fff75e6d000 	/usr/lib/libutil.dylib
0x00007fff73b96000 	/usr/lib/libcharset.1.dylib
0x00007fff5af0d000 	/System/Library/PrivateFrameworks/AppleSauce.framework/Versions/A/AppleSauce
0x00007fff5b08e000 	/System/Library/PrivateFrameworks/AssertionServices.framework/Versions/A/AssertionServices
0x00007fff5b7be000 	/System/Library/PrivateFrameworks/BaseBoard.framework/Versions/A/BaseBoard
0x00007fff748bc000 	/usr/lib/libmecab.1.0.0.dylib
0x00007fff744b5000 	/usr/lib/libgermantok.dylib
0x00007fff73966000 	/usr/lib/libThaiTokenizer.dylib
0x00007fff73412000 	/usr/lib/libChineseTokenizer.dylib
0x00007fff683fd000 	/System/Library/PrivateFrameworks/LanguageModeling.framework/Versions/A/LanguageModeling
0x00007fff5e176000 	/System/Library/PrivateFrameworks/CoreEmoji.framework/Versions/A/CoreEmoji
0x00007fff684d9000 	/System/Library/PrivateFrameworks/Lexicon.framework/Versions/A/Lexicon
0x00007fff6851c000 	/System/Library/PrivateFrameworks/LinguisticData.framework/Versions/A/LinguisticData
0x00007fff73b97000 	/usr/lib/libcmph.dylib
0x00007fff56287000 	/System/Library/Frameworks/ServiceManagement.framework/Versions/A/ServiceManagement
0x00007fff5b71f000 	/System/Library/PrivateFrameworks/BackgroundTaskManagement.framework/Versions/A/BackgroundTaskManagement
0x00007fff75f66000 	/usr/lib/libxslt.1.dylib
0x00007fff49fb6000 	/System/Library/Frameworks/Carbon.framework/Versions/A/Frameworks/Ink.framework/Versions/A/Ink
0x00007fff714a4000 	/System/Library/PrivateFrameworks/TextureIO.framework/Versions/A/TextureIO
0x00007fff739ba000 	/usr/lib/libate.dylib
0x00007fff5f455000 	/System/Library/PrivateFrameworks/CrashReporterSupport.framework/Versions/A/CrashReporterSupport
0x00007fff6ebe3000 	/System/Library/PrivateFrameworks/Sharing.framework/Versions/A/Sharing
0x00007fff5b471000 	/System/Library/PrivateFrameworks/AuthKit.framework/Versions/A/AuthKit
0x00007fff5a9c5000 	/System/Library/PrivateFrameworks/Apple80211.framework/Versions/A/Apple80211
0x00007fff5f1ff000 	/System/Library/PrivateFrameworks/CoreUtils.framework/Versions/A/CoreUtils
0x00007fff4c76a000 	/System/Library/Frameworks/CoreWLAN.framework/Versions/A/CoreWLAN
0x00007fff4d166000 	/System/Library/Frameworks/IOBluetooth.framework/Versions/A/IOBluetooth
0x00007fff6d063000 	/System/Library/PrivateFrameworks/ProtocolBuffer.framework/Versions/A/ProtocolBuffer
0x00007fff69479000 	/System/Library/PrivateFrameworks/MobileKeyBag.framework/Versions/A/MobileKeyBag
0x00007fff5ea43000 	/System/Library/PrivateFrameworks/CorePhoneNumbers.framework/Versions/A/CorePhoneNumbers
0x00007fff5ac24000 	/System/Library/PrivateFrameworks/AppleIDAuthSupport.framework/Versions/A/AppleIDAuthSupport
0x00007fff683d0000 	/System/Library/PrivateFrameworks/KeychainCircle.framework/Versions/A/KeychainCircle
0x00007fff6d219000 	/System/Library/PrivateFrameworks/ROCKit.framework/Versions/A/ROCKit
0x00007fff5f3f1000 	/System/Library/PrivateFrameworks/CoreWiFi.framework/Versions/A/CoreWiFi
0x00007fff4a501000 	/System/Library/Frameworks/CoreBluetooth.framework/Versions/A/CoreBluetooth
0x00007fff5f64c000 	/System/Library/PrivateFrameworks/DebugSymbols.framework/Versions/A/DebugSymbols
0x00007fff5efbf000 	/System/Library/PrivateFrameworks/CoreSymbolication.framework/Versions/A/CoreSymbolication
0x00007fff70cbf000 	/System/Library/PrivateFrameworks/Symbolication.framework/Versions/A/Symbolication
0x00007fff70562000 	/System/Library/PrivateFrameworks/SpeechRecognitionCore.framework/Versions/A/SpeechRecognitionCore
0x000000010fe00000 	/Library/Java/JavaVirtualMachines/jdk1.8.0_191.jdk/Contents/Home/jre/lib/server/libjvm.dylib
0x00007fff75d48000 	/usr/lib/libstdc++.6.dylib
0x000000010f503000 	/Library/Java/JavaVirtualMachines/jdk1.8.0_191.jdk/Contents/Home/jre/lib/libverify.dylib
0x000000010f511000 	/Library/Java/JavaVirtualMachines/jdk1.8.0_191.jdk/Contents/Home/jre/lib/libjava.dylib
0x000000010f548000 	/Library/Java/JavaVirtualMachines/jdk1.8.0_191.jdk/Contents/Home/jre/lib/libinstrument.dylib
0x000000010f5e5000 	/Library/Java/JavaVirtualMachines/jdk1.8.0_191.jdk/Contents/Home/jre/lib/libzip.dylib
0x0000000117b9d000 	/Library/Java/JavaVirtualMachines/jdk1.8.0_191.jdk/Contents/Home/jre/lib/libnet.dylib
0x0000000117c2b000 	/Library/Java/JavaVirtualMachines/jdk1.8.0_191.jdk/Contents/Home/jre/lib/libnio.dylib
0x00000001181c9000 	/Applications/MATLAB_R2018b.app/bin/maci64/libnativemvm.dylib
0x0000000118324000 	/Applications/MATLAB_R2018b.app/bin/maci64/libut.dylib
0x0000000118f34000 	/Applications/MATLAB_R2018b.app/bin/maci64/libmwfl.dylib
0x00000001190bf000 	/Applications/MATLAB_R2018b.app/bin/maci64/libmwms.dylib
0x00000001183cc000 	/Applications/MATLAB_R2018b.app/bin/maci64/libmwmst.dylib
0x0000000119347000 	/Applications/MATLAB_R2018b.app/bin/maci64/libmwservices.dylib
0x0000000119665000 	/Applications/MATLAB_R2018b.app/bin/maci64/libmx.dylib
0x0000000119832000 	/Applications/MATLAB_R2018b.app/bin/maci64/libmwmlutil.dylib
0x0000000119eb5000 	/Applications/MATLAB_R2018b.app/bin/maci64/libmwmvm.dylib
0x000000011a21f000 	/Applications/MATLAB_R2018b.app/bin/maci64/libmwiqm.dylib
0x000000012953d000 	/Applications/MATLAB_R2018b.app/bin/maci64/libmwjmi.dylib
0x00000001296ae000 	/Applications/MATLAB_R2018b.app/bin/maci64/libmwi18n.dylib
0x000000011a377000 	/Applications/MATLAB_R2018b.app/bin/maci64/libmwboost_log.dylib
0x00000001297b6000 	/Applications/MATLAB_R2018b.app/bin/maci64/libmwboost_regex.dylib
0x0000000116750000 	/Applications/MATLAB_R2018b.app/bin/maci64/libmwboost_system.dylib
0x0000000117c05000 	/Applications/MATLAB_R2018b.app/bin/maci64/libmwboost_thread.dylib
0x0000000117d12000 	/Applications/MATLAB_R2018b.app/bin/maci64/libmwcpp11compat.dylib
0x00000001298b2000 	/Applications/MATLAB_R2018b.app/bin/maci64/libtbb.dylib
0x0000000117e4a000 	/Applications/MATLAB_R2018b.app/bin/maci64/libmwfoundation_usm.dylib
0x0000000117ce6000 	/Applications/MATLAB_R2018b.app/bin/maci64/libmwboost_filesystem.dylib
0x000000012992e000 	/Applications/MATLAB_R2018b.app/bin/maci64/libicuuc.59.dylib
0x0000000117ca6000 	/Applications/MATLAB_R2018b.app/bin/maci64/libicuio.59.dylib
0x0000000116755000 	/Applications/MATLAB_R2018b.app/bin/maci64/libmwresource_core.dylib
0x00007fff74484000 	/usr/lib/libexpat.1.dylib
0x0000000129ac9000 	/Applications/MATLAB_R2018b.app/bin/maci64/libicui18n.59.dylib
0x0000000129d48000 	/Applications/MATLAB_R2018b.app/bin/maci64/libicudata.59.dylib
0x000000012b65c000 	/Applications/MATLAB_R2018b.app/bin/maci64/libcrypto.1.0.0.dylib
0x0000000117d62000 	/Applications/MATLAB_R2018b.app/bin/maci64/libmwboost_date_time.dylib
0x0000000118071000 	/Applications/MATLAB_R2018b.app/bin/maci64/libmwboost_serialization.dylib
0x0000000117c1d000 	/Applications/MATLAB_R2018b.app/bin/maci64/libmwboost_atomic.dylib
0x0000000117cfd000 	/Applications/MATLAB_R2018b.app/bin/maci64/libmwboost_chrono.dylib
0x0000000117d6c000 	/Applications/MATLAB_R2018b.app/bin/maci64/libmwboost_iostreams.dylib
0x0000000118142000 	/Applications/MATLAB_R2018b.app/bin/maci64/libmwlivecode.dylib
0x00000001180ad000 	/Applications/MATLAB_R2018b.app/bin/maci64/libmwcppmicroservices.dylib
0x00000001182a9000 	/Applications/MATLAB_R2018b.app/bin/maci64/libmwregexp.dylib
0x0000000117e1c000 	/Applications/MATLAB_R2018b.app/bin/maci64/libmwmpath.dylib
0x0000000118181000 	/Applications/MATLAB_R2018b.app/bin/maci64/libmwsearch_path_utilities.dylib
0x000000012b858000 	/Applications/MATLAB_R2018b.app/bin/maci64/libmwflstoragevfs.dylib
0x000000012b90c000 	/Applications/MATLAB_R2018b.app/bin/maci64/libmwcwf_interface.dylib
0x000000012b95f000 	/Applications/MATLAB_R2018b.app/bin/maci64/libmwsettingscore.dylib
0x000000012bbe6000 	/Applications/MATLAB_R2018b.app/bin/maci64/libmwopccore.dylib
0x000000012bc38000 	/Applications/MATLAB_R2018b.app/bin/maci64/libmwopcmodel.dylib
0x0000000118504000 	/Applications/MATLAB_R2018b.app/bin/maci64/libmwopczippackage.dylib
0x000000011a422000 	/Applications/MATLAB_R2018b.app/bin/maci64/libmwstring_matrix.dylib
0x0000000117d2f000 	/Applications/MATLAB_R2018b.app/bin/maci64/libmwkeybrd.dylib
0x000000012bcfd000 	/Applications/MATLAB_R2018b.app/bin/maci64/libCppMicroServices.dylib
0x000000011819a000 	/Applications/MATLAB_R2018b.app/bin/maci64/libmwmfl_permute.dylib
0x0000000117da5000 	/Applications/MATLAB_R2018b.app/bin/maci64/libmwindexingapimethods.dylib
0x000000012bdf2000 	/Applications/MATLAB_R2018b.app/bin/maci64/libtbbmalloc.dylib
0x000000012be4e000 	/Applications/MATLAB_R2018b.app/bin/maci64/libmwopcmwservices.dylib
0x000000012beb9000 	/Applications/MATLAB_R2018b.app/bin/maci64/libxerces-c-3.1.dylib
0x000000012c2cb000 	/Applications/MATLAB_R2018b.app/bin/maci64/libmwflnetwork.dylib
0x000000012c3a5000 	/Applications/MATLAB_R2018b.app/bin/maci64/libmwflcrypto.dylib
0x0000000117dfa000 	/Applications/MATLAB_R2018b.app/bin/maci64/libmwflcryptoutils.dylib
0x000000012c3dc000 	/Applications/MATLAB_R2018b.app/bin/maci64/libmwflcryptocryptopp.dylib
0x00000001182fc000 	/Applications/MATLAB_R2018b.app/bin/maci64/libminizip.dylib
0x000000012c63d000 	/Applications/MATLAB_R2018b.app/bin/maci64/libmwflstorageprovider.dylib
0x000000011a442000 	/Applications/MATLAB_R2018b.app/bin/maci64/libmwflstorageevents.dylib
0x0000000117dae000 	/Applications/MATLAB_R2018b.app/bin/maci64/libmwsearch_path_interfaces.dylib
0x0000000117d7e000 	/Applications/MATLAB_R2018b.app/bin/maci64/libmwmatlabstoragesystem.dylib
0x000000012c687000 	/Applications/MATLAB_R2018b.app/bin/maci64/libmwstoragefilefolderobserver.dylib
0x000000012c6ed000 	/Applications/MATLAB_R2018b.app/bin/maci64/libmwfoundation_extdata_array.dylib
0x0000000117e33000 	/Applications/MATLAB_R2018b.app/bin/maci64/libmwstartupplugin.dylib
0x000000012c823000 	/Applications/MATLAB_R2018b.app/bin/maci64/libmwstartup_plugin_initializer.dylib
0x000000011830b000 	/Applications/MATLAB_R2018b.app/bin/maci64/libmvmtransportapi.dylib
0x000000012c89c000 	/Applications/MATLAB_R2018b.app/bin/maci64/libmwmatlab_toolbox_events.dylib
0x000000012c970000 	/Applications/MATLAB_R2018b.app/bin/maci64/libmwexecution_events.dylib
0x000000012cbae000 	/Applications/MATLAB_R2018b.app/bin/maci64/libmwxmlcore.dylib
0x0000000117d33000 	/Applications/MATLAB_R2018b.app/bin/maci64/libmwnativestrings.dylib
0x000000011a45b000 	/Applications/MATLAB_R2018b.app/bin/maci64/libmwnativedialogs.dylib
0x000000012cc0f000 	/Applications/MATLAB_R2018b.app/bin/maci64/libmwmcos.dylib
0x0000000118524000 	/Applications/MATLAB_R2018b.app/bin/maci64/libmwlanguage_execution_interfaces.dylib
0x000000012cc60000 	/Applications/MATLAB_R2018b.app/bin/maci64/libmwm_dispatcher.dylib
0x000000012cecb000 	/Applications/MATLAB_R2018b.app/bin/maci64/libmwerrorrecovery.dylib
0x000000012cf5c000 	/Applications/MATLAB_R2018b.app/bin/maci64/libmwm_interpreter.dylib
0x000000012d0d1000 	/Applications/MATLAB_R2018b.app/bin/maci64/libmwm_parser.dylib
0x000000012d8c6000 	/Applications/MATLAB_R2018b.app/bin/maci64/libmwfoundation_matlabdata_matlab.dylib
0x0000000117e3b000 	/Applications/MATLAB_R2018b.app/bin/maci64/libmwm_dispatcher_interfaces.dylib
0x000000011852b000 	/Applications/MATLAB_R2018b.app/bin/maci64/libmwcwf_implementation.dylib
0x0000000117c6a000 	/Applications/MATLAB_R2018b.app/bin/maci64/libmwmodule_feature.dylib
0x000000012d9b9000 	/Applications/MATLAB_R2018b.app/bin/maci64/libmwsearch_path_events.dylib
0x000000012d9f2000 	/Applications/MATLAB_R2018b.app/bin/maci64/libmwsearch_path_impl.dylib
0x000000012daa1000 	/Applications/MATLAB_R2018b.app/bin/maci64/libmwddux.dylib
0x0000000117e08000 	/Applications/MATLAB_R2018b.app/bin/maci64/libmwbuiltin.dylib
0x000000012dac1000 	/Applications/MATLAB_R2018b.app/bin/maci64/libmwmodule_descriptor_implementation.dylib
0x000000012db02000 	/Applications/MATLAB_R2018b.app/bin/maci64/libmwmodule_descriptor_interface.dylib
0x000000012db06000 	/Applications/MATLAB_R2018b.app/bin/maci64/libmwcontextdata.dylib
0x000000012db26000 	/Applications/MATLAB_R2018b.app/bin/maci64/libmwnamesuggestion.dylib
0x000000012db4d000 	/Applications/MATLAB_R2018b.app/bin/maci64/libmwm_ir.dylib
0x000000012dbb2000 	/Applications/MATLAB_R2018b.app/bin/maci64/libmwir_xfmr.dylib
0x000000012dbc9000 	/Applications/MATLAB_R2018b.app/bin/maci64/libmwmtok.dylib
0x000000012dbdf000 	/Applications/MATLAB_R2018b.app/bin/maci64/libmex.dylib
0x000000012dc6c000 	/Applications/MATLAB_R2018b.app/bin/maci64/libmwgenerate_diag_message.dylib
0x000000012dc74000 	/Applications/MATLAB_R2018b.app/bin/maci64/libmwfoundation_matlabdata_standalone.dylib
0x000000012dd14000 	/Applications/MATLAB_R2018b.app/bin/maci64/libmwnativejava_services.dylib
0x000000012dd18000 	/Applications/MATLAB_R2018b.app/bin/maci64/libmwaddons_javapath.dylib
0x000000012dd29000 	/Applications/MATLAB_R2018b.app/sys/java/jre/maci64/jre/lib/jli/libjli.dylib
0x000000012dd38000 	/Applications/MATLAB_R2018b.app/bin/maci64/libmwsprootutils.dylib
0x000000012dd4e000 	/Applications/MATLAB_R2018b.app/bin/maci64/libPocoFoundation.48.dylib
0x000000012dff9000 	/Applications/MATLAB_R2018b.app/bin/maci64/libPocoXML.48.dylib

VM Arguments:
jvm_args: -javaagent:/Applications/IntelliJ IDEA CE.app/Contents/lib/idea_rt.jar=51155:/Applications/IntelliJ IDEA CE.app/Contents/bin -Dfile.encoding=UTF-8 
java_command: org.icar.h.core.matlab.matEngine.MatValidator
java_class_path (initial): /Library/Java/JavaVirtualMachines/jdk1.8.0_191.jdk/Contents/Home/jre/lib/charsets.jar:/Library/Java/JavaVirtualMachines/jdk1.8.0_191.jdk/Contents/Home/jre/lib/deploy.jar:/Library/Java/JavaVirtualMachines/jdk1.8.0_191.jdk/Contents/Home/jre/lib/ext/cldrdata.jar:/Library/Java/JavaVirtualMachines/jdk1.8.0_191.jdk/Contents/Home/jre/lib/ext/dnsns.jar:/Library/Java/JavaVirtualMachines/jdk1.8.0_191.jdk/Contents/Home/jre/lib/ext/jaccess.jar:/Library/Java/JavaVirtualMachines/jdk1.8.0_191.jdk/Contents/Home/jre/lib/ext/jfxrt.jar:/Library/Java/JavaVirtualMachines/jdk1.8.0_191.jdk/Contents/Home/jre/lib/ext/localedata.jar:/Library/Java/JavaVirtualMachines/jdk1.8.0_191.jdk/Contents/Home/jre/lib/ext/nashorn.jar:/Library/Java/JavaVirtualMachines/jdk1.8.0_191.jdk/Contents/Home/jre/lib/ext/sunec.jar:/Library/Java/JavaVirtualMachines/jdk1.8.0_191.jdk/Contents/Home/jre/lib/ext/sunjce_provider.jar:/Library/Java/JavaVirtualMachines/jdk1.8.0_191.jdk/Contents/Home/jre/lib/ext/sunpkcs11.jar:/Library/Java/JavaVirtualMachines/jdk1.8.0_191.jdk/Contents/Home/jre/lib/ext/zipfs.jar:/Library/Java/JavaVirtualMachines/jdk1.8.0_191.jdk/Contents/Home/jre/lib/javaws.jar:/Library/Java/JavaVirtualMachines/jdk1.8.0_191.jdk/Contents/Home/jre/lib/jce.jar:/Library/Java/JavaVirtualMachines/jdk1.8.0_191.jdk/Contents/Home/jre/lib/jfr.jar:/Library/Java/JavaVirtualMachines/jdk1.8.0_191.jdk/Contents/Home/jre/lib/jfxswt.jar:/Library/Java/JavaVirtualMachines/jdk1.8.0_191.jdk/Contents/Home/jre/lib/jsse.jar:/Library/Java/JavaVirtualMachines/jdk1.8.0_191.jdk/Contents/Home/jre/lib/management-agent.jar:/Library/Java/JavaVirtualMachines/jdk1.8.0_191.jdk/Contents/Home/jre/lib/plugin.jar:/Library/Java/JavaVirtualMachines/jdk1.8.0_191.jdk/Contents/Home/jre/lib/resources.jar:/Library/Java/JavaVirtualMachines/jdk1.8.0_191.jdk/Contents/Home/jre/lib/rt.jar:/Library/Java/JavaVirtualMachines/jdk1.8.0_191.jdk/Contents/Home/lib/ant-javafx.jar:/Library/Java/JavaVirtualMachines/jdk1.8.0_191.jdk/Contents/Home
Launcher Type: SUN_STANDARD

Environment Variables:
CLASSPATH=/Users/giovannirenda/Desktop/JADE/jade/lib/jade.jar:/Users/giovannirenda/Desktop/JADE/jade/lib/jadeExamples.jar:/Users/giovannirenda/Desktop/JADE/jade/lib/commons-codec/commons-codec-1.3.jar:
PATH=/opt/local/bin:/opt/local/sbin:/Applications/MATLAB_R2017b.app/bin/maci64:/usr/local/bin:/usr/bin:/bin:/usr/sbin:/sbin:/Library/TeX/texbin:/opt/X11/bin
SHELL=/bin/bash
DISPLAY=/private/tmp/com.apple.launchd.eo4cfJKH8J/org.macosforge.xquartz:0
DYLD_LIBRARY_PATH=/Applications/MATLAB_R2018b.app/bin/maci64

Signal Handlers:
SIGSEGV: [libjvm.dylib+0x5b5de9], sa_mask[0]=11111111011111110111111111111111, sa_flags=SA_ONSTACK|SA_RESTART|SA_SIGINFO
SIGBUS: [libjvm.dylib+0x5b5de9], sa_mask[0]=11111111011111110111111111111111, sa_flags=SA_RESTART|SA_SIGINFO
SIGFPE: [libjvm.dylib+0x48b6b0], sa_mask[0]=11111111011111110111111111111111, sa_flags=SA_RESTART|SA_SIGINFO
SIGPIPE: [libjvm.dylib+0x48b6b0], sa_mask[0]=11111111011111110111111111111111, sa_flags=SA_RESTART|SA_SIGINFO
SIGXFSZ: [libjvm.dylib+0x48b6b0], sa_mask[0]=11111111011111110111111111111111, sa_flags=SA_RESTART|SA_SIGINFO
SIGILL: [libjvm.dylib+0x48b6b0], sa_mask[0]=00000000000000000000000000000000, sa_flags=SA_RESTART, flags was changed from 0x00000042, consider using jsig library
SIGUSR1: SIG_DFL, sa_mask[0]=00000000000000000000000000000000, sa_flags=none
SIGUSR2: [libjvm.dylib+0x48b1ce], sa_mask[0]=00100000000000000000000000000000, sa_flags=SA_RESTART|SA_SIGINFO
SIGHUP: [libjvm.dylib+0x489759], sa_mask[0]=11111111011111110111111111111111, sa_flags=SA_RESTART|SA_SIGINFO
SIGINT: [libjvm.dylib+0x489759], sa_mask[0]=11111111011111110111111111111111, sa_flags=SA_RESTART|SA_SIGINFO
SIGTERM: [libjvm.dylib+0x489759], sa_mask[0]=11111111011111110111111111111111, sa_flags=SA_RESTART|SA_SIGINFO
SIGQUIT: [libjvm.dylib+0x489759], sa_mask[0]=11111111011111110111111111111111, sa_flags=SA_RESTART|SA_SIGINFO


---------------  S Y S T E M  ---------------

OS:Bsduname:Darwin 18.6.0 Darwin Kernel Version 18.6.0: Thu Apr 25 23:16:27 PDT 2019; root:xnu-4903.261.4~2/RELEASE_X86_64 x86_64
rlimit: STACK 8192k, CORE 0k, NPROC 709, NOFILE 10240, AS infinity
load average:2.64 2.72 2.75

CPU:total 4 (initial active 4) (2 cores per cpu, 2 threads per core) family 6 model 61 stepping 4, cmov, cx8, fxsr, mmx, sse, sse2, sse3, ssse3, sse4.1, sse4.2, popcnt, avx, avx2, aes, clmul, erms, rtm, 3dnowpref, lzcnt, ht, tsc, tscinvbit, bmi1, bmi2, adx

Memory: 4k page, physical 8388608k(34048k free)

/proc/meminfo:


vm_info: Java HotSpot(TM) 64-Bit Server VM (25.191-b12) for bsd-amd64 JRE (1.8.0_191-b12), built on Oct  6 2018 08:37:07 by "java_re" with gcc 4.2.1 (Based on Apple Inc. build 5658) (LLVM build 2336.11.00)

time: Tue Jun  4 16:35:11 2019
elapsed time: 11 seconds (0d 0h 0m 11s)

